<?xml version="1.0" encoding="UTF-8"?><testsuite errors="1" failures="0" name="Expression set" skipped="0" tests="1" time="50.07" timestamp="2023-05-03 05:08:21"><testcase name="Validate values after execute en expression set simulation"><error message="The following error occurred: no such window: target window already closed&#10;from unknown error: web view not found&#10;  (Session info: chrome=112.0.5615.138)&#10;Build info: version: '3.11.0', revision: 'e59cfb3', time: '2018-03-11T20:26:55.152Z'&#10;System info: host: 'QV-4097', ip: '192.168.20.43', os.name: 'Windows 10', os.arch: 'amd64', os.version: '10.0', java.version: '1.8.0_333'&#10;Driver info: org.openqa.selenium.remote.RemoteWebDriver&#10;Capabilities {acceptInsecureCerts: false, browserName: chrome, browserVersion: 112.0.5615.138, chrome: {chromedriverVersion: 111.0.5563.64 (c710e93d5b63..., userDataDir: C:\Users\QV4097\AppData\Loc...}, goog:chromeOptions: {debuggerAddress: localhost:53806}, javascriptEnabled: true, networkConnectionEnabled: false, pageLoadStrategy: normal, platform: WINDOWS, platformName: WINDOWS, proxy: Proxy(), setWindowRect: true, strictFileInteractability: false, timeouts: {implicit: 0, pageLoad: 300000, script: 30000}, unhandledPromptBehavior: dismiss and notify, webauthn:extension:credBlob: true, webauthn:extension:largeBlob: true, webauthn:extension:minPinLength: true, webauthn:extension:prf: true, webauthn:virtualAuthenticators: true}&#10;Session ID: 358a29438ce709b4cd0594475e07eccc&#10;*** Element info: {Using=xpath, value=//body[1]/div[4]/div[1]/section[1]/div[1]/div[2]/div[2]/div[1]/div[1]/div[1]/div[1]/div[3]/div[1]/div[1]/div[1]/div[2]/div[1]/div[1]/div[1]/section[1]/div[1]/div[1]/article[1]/a[1]/div[1]/span[1]}" type="org.openqa.selenium.NoSuchWindowException">The following error occurred: no such window: target window already closed
from unknown error: web view not found
  (Session info: chrome=112.0.5615.138)
Build info: version: '3.11.0', revision: 'e59cfb3', time: '2018-03-11T20:26:55.152Z'
System info: host: 'QV-4097', ip: '192.168.20.43', os.name: 'Windows 10', os.arch: 'amd64', os.version: '10.0', java.version: '1.8.0_333'
Driver info: org.openqa.selenium.remote.RemoteWebDriver
Capabilities {acceptInsecureCerts: false, browserName: chrome, browserVersion: 112.0.5615.138, chrome: {chromedriverVersion: 111.0.5563.64 (c710e93d5b63..., userDataDir: C:\Users\QV4097\AppData\Loc...}, goog:chromeOptions: {debuggerAddress: localhost:53806}, javascriptEnabled: true, networkConnectionEnabled: false, pageLoadStrategy: normal, platform: WINDOWS, platformName: WINDOWS, proxy: Proxy(), setWindowRect: true, strictFileInteractability: false, timeouts: {implicit: 0, pageLoad: 300000, script: 30000}, unhandledPromptBehavior: dismiss and notify, webauthn:extension:credBlob: true, webauthn:extension:largeBlob: true, webauthn:extension:minPinLength: true, webauthn:extension:prf: true, webauthn:virtualAuthenticators: true}
Session ID: 358a29438ce709b4cd0594475e07eccc
*** Element info: {Using=xpath, value=//body[1]/div[4]/div[1]/section[1]/div[1]/div[2]/div[2]/div[1]/div[1]/div[1]/div[1]/div[3]/div[1]/div[1]/div[1]/div[2]/div[1]/div[1]/div[1]/section[1]/div[1]/div[1]/article[1]/a[1]/div[1]/span[1]}</error><system-err>The following error occurred: no such window: target window already closed
from unknown error: web view not found
  (Session info: chrome=112.0.5615.138)
Build info: version: '3.11.0', revision: 'e59cfb3', time: '2018-03-11T20:26:55.152Z'
System info: host: 'QV-4097', ip: '192.168.20.43', os.name: 'Windows 10', os.arch: 'amd64', os.version: '10.0', java.version: '1.8.0_333'
Driver info: org.openqa.selenium.remote.RemoteWebDriver
Capabilities {acceptInsecureCerts: false, browserName: chrome, browserVersion: 112.0.5615.138, chrome: {chromedriverVersion: 111.0.5563.64 (c710e93d5b63..., userDataDir: C:\Users\QV4097\AppData\Loc...}, goog:chromeOptions: {debuggerAddress: localhost:53806}, javascriptEnabled: true, networkConnectionEnabled: false, pageLoadStrategy: normal, platform: WINDOWS, platformName: WINDOWS, proxy: Proxy(), setWindowRect: true, strictFileInteractability: false, timeouts: {implicit: 0, pageLoad: 300000, script: 30000}, unhandledPromptBehavior: dismiss and notify, webauthn:extension:credBlob: true, webauthn:extension:largeBlob: true, webauthn:extension:minPinLength: true, webauthn:extension:prf: true, webauthn:virtualAuthenticators: true}
Session ID: 358a29438ce709b4cd0594475e07eccc
*** Element info: {Using=xpath, value=//body[1]/div[4]/div[1]/section[1]/div[1]/div[2]/div[2]/div[1]/div[1]/div[1]/div[1]/div[3]/div[1]/div[1]/div[1]/div[2]/div[1]/div[1]/div[1]/section[1]/div[1]/div[1]/article[1]/a[1]/div[1]/span[1]}&#13;
com.co.screenplay.tasks.ExpressionSet.performAs(ExpressionSet.java:51)&#13;
com.co.tarifacion.stepdefinitions.SetStepDefinition.theUserEntersIntoTheExpressionSetTagAndExecuteANewSimulation(SetStepDefinition.java:34)&#13;
cucumber.runner.Runner.runPickle(Runner.java:80)&#13;
worker.org.gradle.process.internal.worker.GradleWorkerMain.run(GradleWorkerMain.java:69)&#13;
worker.org.gradle.process.internal.worker.GradleWorkerMain.main(GradleWorkerMain.java:74)&#13;
</system-err></testcase></testsuite>